This is pdfTeX, Version 3.1415926-2.5-1.40.14 (TeX Live 2013) (format=pdflatex 2015.10.2)  27 NOV 2015 16:06
entering extended mode
 restricted \write18 enabled.
 %&-line parsing enabled.
**brief_Brownian_dynamics.tex
(./brief_Brownian_dynamics.tex
LaTeX2e <2011/06/27>
Babel <3.9f> and hyphenation patterns for 78 languages loaded.
(/usr/local/texlive/2013/texmf-dist/tex/latex/base/report.cls
Document Class: report 2007/10/19 v1.4h Standard LaTeX document class
(/usr/local/texlive/2013/texmf-dist/tex/latex/base/size10.clo
File: size10.clo 2007/10/19 v1.4h Standard LaTeX file (size option)
)
\c@part=\count79
\c@chapter=\count80
\c@section=\count81
\c@subsection=\count82
\c@subsubsection=\count83
\c@paragraph=\count84
\c@subparagraph=\count85
\c@figure=\count86
\c@table=\count87
\abovecaptionskip=\skip41
\belowcaptionskip=\skip42
\bibindent=\dimen102
)
(/usr/local/texlive/2013/texmf-dist/tex/latex/appendix/appendix.sty
Package: appendix 2009/09/02 v1.2b extra appendix facilities
\c@@pps=\count88
\c@@ppsavesec=\count89
\c@@ppsaveapp=\count90
)
(/usr/local/texlive/2013/texmf-dist/tex/latex/tools/indentfirst.sty
Package: indentfirst 1995/11/23 v1.03 Indent first paragraph (DPC)
)
(/usr/local/texlive/2013/texmf-dist/tex/latex/arydshln/arydshln.sty
Package: arydshln 2004/08/31 v1.71 
\dashlinedash=\dimen103
\dashlinegap=\dimen104
\adl@box=\box26
\adl@height=\dimen105
\adl@heightsave=\dimen106
\adl@depth=\dimen107
\adl@depthsave=\dimen108
\adl@finaldepth=\dimen109
\adl@columns=\count91
\adl@ncol=\count92
\adl@currentcolumn=\count93
\adl@currentcolumnsave=\count94
\adl@totalheight=\count95
\adl@totalheightsave=\count96
\adl@dash=\count97
\adl@gap=\count98
\adl@cla=\count99
\adl@clb=\count100
\adl@everyvbox=\toks14
\adl@LTpagetotal=\dimen110
)
(/usr/local/texlive/2013/texmf-dist/tex/latex/tools/afterpage.sty
Package: afterpage 1995/10/27 v1.08 After-Page Package (DPC)
\AP@output=\toks15
\AP@partial=\box27
\AP@footins=\box28
)
(/usr/local/texlive/2013/texmf-dist/tex/latex/oberdiek/pdflscape.sty
Package: pdflscape 2008/08/11 v0.10 Display of landscape pages in PDF (HO)

(/usr/local/texlive/2013/texmf-dist/tex/latex/graphics/lscape.sty
Package: lscape 2000/10/22 v3.01 Landscape Pages (DPC)

(/usr/local/texlive/2013/texmf-dist/tex/latex/graphics/graphics.sty
Package: graphics 2009/02/05 v1.0o Standard LaTeX Graphics (DPC,SPQR)

(/usr/local/texlive/2013/texmf-dist/tex/latex/graphics/trig.sty
Package: trig 1999/03/16 v1.09 sin cos tan (DPC)
)
(/usr/local/texlive/2013/texmf-dist/tex/latex/latexconfig/graphics.cfg
File: graphics.cfg 2010/04/23 v1.9 graphics configuration of TeX Live
)
Package graphics Info: Driver file: pdftex.def on input line 91.

(/usr/local/texlive/2013/texmf-dist/tex/latex/pdftex-def/pdftex.def
File: pdftex.def 2011/05/27 v0.06d Graphics/color for pdfTeX

(/usr/local/texlive/2013/texmf-dist/tex/generic/oberdiek/infwarerr.sty
Package: infwarerr 2010/04/08 v1.3 Providing info/warning/error messages (HO)
)
(/usr/local/texlive/2013/texmf-dist/tex/generic/oberdiek/ltxcmds.sty
Package: ltxcmds 2011/11/09 v1.22 LaTeX kernel commands for general use (HO)
)
\Gread@gobject=\count101
)))
(/usr/local/texlive/2013/texmf-dist/tex/generic/oberdiek/ifpdf.sty
Package: ifpdf 2011/01/30 v2.3 Provides the ifpdf switch (HO)
Package ifpdf Info: pdfTeX in PDF mode is detected.
)
Package pdflscape Info: Auto-detected driver: pdftex on input line 80.

(/usr/local/texlive/2013/texmf-dist/tex/generic/ifxetex/ifxetex.sty
Package: ifxetex 2010/09/12 v0.6 Provides ifxetex conditional
))
(/usr/local/texlive/2013/texmf-dist/tex/latex/hyperref/hyperref.sty
Package: hyperref 2012/11/06 v6.83m Hypertext links for LaTeX

(/usr/local/texlive/2013/texmf-dist/tex/generic/oberdiek/hobsub-hyperref.sty
Package: hobsub-hyperref 2012/05/28 v1.13 Bundle oberdiek, subset hyperref (HO)


(/usr/local/texlive/2013/texmf-dist/tex/generic/oberdiek/hobsub-generic.sty
Package: hobsub-generic 2012/05/28 v1.13 Bundle oberdiek, subset generic (HO)
Package: hobsub 2012/05/28 v1.13 Construct package bundles (HO)
Package hobsub Info: Skipping package `infwarerr' (already loaded).
Package hobsub Info: Skipping package `ltxcmds' (already loaded).
Package: ifluatex 2010/03/01 v1.3 Provides the ifluatex switch (HO)
Package ifluatex Info: LuaTeX not detected.
Package: ifvtex 2010/03/01 v1.5 Detect VTeX and its facilities (HO)
Package ifvtex Info: VTeX not detected.
Package: intcalc 2007/09/27 v1.1 Expandable calculations with integers (HO)
Package hobsub Info: Skipping package `ifpdf' (already loaded).
Package: etexcmds 2011/02/16 v1.5 Avoid name clashes with e-TeX commands (HO)
Package etexcmds Info: Could not find \expanded.
(etexcmds)             That can mean that you are not using pdfTeX 1.50 or
(etexcmds)             that some package has redefined \expanded.
(etexcmds)             In the latter case, load this package earlier.
Package: kvsetkeys 2012/04/25 v1.16 Key value parser (HO)
Package: kvdefinekeys 2011/04/07 v1.3 Define keys (HO)
Package: pdftexcmds 2011/11/29 v0.20 Utility functions of pdfTeX for LuaTeX (HO
)
Package pdftexcmds Info: LuaTeX not detected.
Package pdftexcmds Info: \pdf@primitive is available.
Package pdftexcmds Info: \pdf@ifprimitive is available.
Package pdftexcmds Info: \pdfdraftmode found.
Package: pdfescape 2011/11/25 v1.13 Implements pdfTeX's escape features (HO)
Package: bigintcalc 2012/04/08 v1.3 Expandable calculations on big integers (HO
)
Package: bitset 2011/01/30 v1.1 Handle bit-vector datatype (HO)
Package: uniquecounter 2011/01/30 v1.2 Provide unlimited unique counter (HO)
)
Package hobsub Info: Skipping package `hobsub' (already loaded).
Package: letltxmacro 2010/09/02 v1.4 Let assignment for LaTeX macros (HO)
Package: hopatch 2012/05/28 v1.2 Wrapper for package hooks (HO)
Package: xcolor-patch 2011/01/30 xcolor patch
Package: atveryend 2011/06/30 v1.8 Hooks at the very end of document (HO)
Package atveryend Info: \AP@enddocument detected (standard20110627).
Package: atbegshi 2011/10/05 v1.16 At begin shipout hook (HO)
Package: refcount 2011/10/16 v3.4 Data extraction from label references (HO)
Package: hycolor 2011/01/30 v1.7 Color options for hyperref/bookmark (HO)
)
(/usr/local/texlive/2013/texmf-dist/tex/latex/graphics/keyval.sty
Package: keyval 1999/03/16 v1.13 key=value parser (DPC)
\KV@toks@=\toks16
)
(/usr/local/texlive/2013/texmf-dist/tex/latex/oberdiek/auxhook.sty
Package: auxhook 2011/03/04 v1.3 Hooks for auxiliary files (HO)
)
(/usr/local/texlive/2013/texmf-dist/tex/latex/oberdiek/kvoptions.sty
Package: kvoptions 2011/06/30 v3.11 Key value format for package options (HO)
)
\@linkdim=\dimen111
\Hy@linkcounter=\count102
\Hy@pagecounter=\count103

(/usr/local/texlive/2013/texmf-dist/tex/latex/hyperref/pd1enc.def
File: pd1enc.def 2012/11/06 v6.83m Hyperref: PDFDocEncoding definition (HO)
)
\Hy@SavedSpaceFactor=\count104

(/usr/local/texlive/2013/texmf-dist/tex/latex/latexconfig/hyperref.cfg
File: hyperref.cfg 2002/06/06 v1.2 hyperref configuration of TeXLive
)
Package hyperref Info: Hyper figures OFF on input line 4443.
Package hyperref Info: Link nesting OFF on input line 4448.
Package hyperref Info: Hyper index ON on input line 4451.
Package hyperref Info: Plain pages OFF on input line 4458.
Package hyperref Info: Backreferencing OFF on input line 4463.
Package hyperref Info: Implicit mode ON; LaTeX internals redefined.
Package hyperref Info: Bookmarks ON on input line 4688.
\c@Hy@tempcnt=\count105

(/usr/local/texlive/2013/texmf-dist/tex/latex/url/url.sty
\Urlmuskip=\muskip10
Package: url 2006/04/12  ver 3.3  Verb mode for urls, etc.
)
LaTeX Info: Redefining \url on input line 5041.
\XeTeXLinkMargin=\dimen112
\Fld@menulength=\count106
\Field@Width=\dimen113
\Fld@charsize=\dimen114
Package hyperref Info: Hyper figures OFF on input line 6295.
Package hyperref Info: Link nesting OFF on input line 6300.
Package hyperref Info: Hyper index ON on input line 6303.
Package hyperref Info: backreferencing OFF on input line 6310.
Package hyperref Info: Link coloring OFF on input line 6315.
Package hyperref Info: Link coloring with OCG OFF on input line 6320.
Package hyperref Info: PDF/A mode OFF on input line 6325.
LaTeX Info: Redefining \ref on input line 6365.
LaTeX Info: Redefining \pageref on input line 6369.
\Hy@abspage=\count107
\c@Item=\count108
\c@Hfootnote=\count109
)

Package hyperref Message: Driver (autodetected): hpdftex.

(/usr/local/texlive/2013/texmf-dist/tex/latex/hyperref/hpdftex.def
File: hpdftex.def 2012/11/06 v6.83m Hyperref driver for pdfTeX
\Fld@listcount=\count110
\c@bookmark@seq@number=\count111

(/usr/local/texlive/2013/texmf-dist/tex/latex/oberdiek/rerunfilecheck.sty
Package: rerunfilecheck 2011/04/15 v1.7 Rerun checks for auxiliary files (HO)
Package uniquecounter Info: New unique counter `rerunfilecheck' on input line 2
82.
)
\Hy@SectionHShift=\skip43
)
(/usr/local/texlive/2013/texmf-dist/tex/latex/biblatex/biblatex.sty
Package: biblatex 2013/05/01 v2.6 programmable bibliographies (PK/JW/AB)

(/usr/local/texlive/2013/texmf-dist/tex/latex/biblatex/biblatex2.sty
Package: biblatex2 2013/05/01 v2.6 programmable bibliographies (biber) (PK/JW/A
B)

(/usr/local/texlive/2013/texmf-dist/tex/latex/etoolbox/etoolbox.sty
Package: etoolbox 2011/01/03 v2.1 e-TeX tools for LaTeX

(/usr/local/texlive/2013/texmf-dist/tex/latex/etex-pkg/etex.sty
Package: etex 1998/03/26 v2.0 eTeX basic definition package (PEB)
\et@xins=\count112
)
\etb@tempcnta=\count113
)
(/usr/local/texlive/2013/texmf-dist/tex/latex/logreq/logreq.sty
Package: logreq 2010/08/04 v1.0 xml request logger
\lrq@indent=\count114

(/usr/local/texlive/2013/texmf-dist/tex/latex/logreq/logreq.def
File: logreq.def 2010/08/04 v1.0 logreq spec v1.0
))
(/usr/local/texlive/2013/texmf-dist/tex/latex/base/ifthen.sty
Package: ifthen 2001/05/26 v1.1c Standard LaTeX ifthen package (DPC)
)
\c@tabx@nest=\count115
\c@listtotal=\count116
\c@listcount=\count117
\c@liststart=\count118
\c@liststop=\count119
\c@citecount=\count120
\c@citetotal=\count121
\c@multicitecount=\count122
\c@multicitetotal=\count123
\c@instcount=\count124
\c@maxnames=\count125
\c@minnames=\count126
\c@maxitems=\count127
\c@minitems=\count128
\c@citecounter=\count129
\c@savedcitecounter=\count130
\c@uniquelist=\count131
\c@uniquename=\count132
\c@refsection=\count133
\c@refsegment=\count134
\c@maxextratitle=\count135
\c@maxextratitleyear=\count136
\c@maxextrayear=\count137
\c@maxextraalpha=\count138
\c@abbrvpenalty=\count139
\c@highnamepenalty=\count140
\c@lownamepenalty=\count141
\c@maxparens=\count142
\c@parenlevel=\count143
\blx@tempcnta=\count144
\blx@tempcntb=\count145
\blx@tempcntc=\count146
\blx@maxsection=\count147
\blx@maxsegment@0=\count148
\blx@notetype=\count149
\blx@parenlevel@text=\count150
\blx@parenlevel@foot=\count151
\blx@sectionciteorder@0=\count152
\labelnumberwidth=\skip44
\labelalphawidth=\skip45
\shorthandwidth=\skip46
\biblabelsep=\skip47
\bibitemsep=\skip48
\bibnamesep=\skip49
\bibinitsep=\skip50
\bibparsep=\skip51
\bibhang=\skip52
\blx@bcfin=\read1
\blx@bcfout=\write3
\c@mincomprange=\count153
\c@maxcomprange=\count154
\c@mincompwidth=\count155
Package biblatex Info: Trying to load biblatex default data model...
Package biblatex Info: ... file 'blx-dm.def' found.

(/usr/local/texlive/2013/texmf-dist/tex/latex/biblatex/blx-dm.def)
Package biblatex Info: Trying to load biblatex style data model...
Package biblatex Info: ... file 'authoryear-comp.dbx' not found.
Package biblatex Info: Trying to load biblatex custom data model...
Package biblatex Info: ... file 'biblatex-dm.cfg' not found.
\c@afterword=\count156
\c@savedafterword=\count157
\c@annotator=\count158
\c@savedannotator=\count159
\c@author=\count160
\c@savedauthor=\count161
\c@bookauthor=\count162
\c@savedbookauthor=\count163
\c@commentator=\count164
\c@savedcommentator=\count165
\c@editor=\count166
\c@savededitor=\count167
\c@editora=\count168
\c@savededitora=\count169
\c@editorb=\count170
\c@savededitorb=\count171
\c@editorc=\count172
\c@savededitorc=\count173
\c@foreword=\count174
\c@savedforeword=\count175
\c@holder=\count176
\c@savedholder=\count177
\c@introduction=\count178
\c@savedintroduction=\count179
\c@namea=\count180
\c@savednamea=\count181
\c@nameb=\count182
\c@savednameb=\count183
\c@namec=\count184
\c@savednamec=\count185
\c@shortauthor=\count186
\c@savedshortauthor=\count187
\c@shorteditor=\count188
\c@savedshorteditor=\count189
\c@translator=\count190
\c@savedtranslator=\count191
\c@labelname=\count192
\c@savedlabelname=\count193
\c@institution=\count194
\c@savedinstitution=\count195
\c@lista=\count196
\c@savedlista=\count197
\c@listb=\count198
\c@savedlistb=\count199
\c@listc=\count200
\c@savedlistc=\count201
\c@listd=\count202
\c@savedlistd=\count203
\c@liste=\count204
\c@savedliste=\count205
\c@listf=\count206
\c@savedlistf=\count207
\c@location=\count208
\c@savedlocation=\count209
\c@organization=\count210
\c@savedorganization=\count211
\c@origlocation=\count212
\c@savedoriglocation=\count213
\c@origpublisher=\count214
\c@savedorigpublisher=\count215
\c@publisher=\count216
\c@savedpublisher=\count217
\c@language=\count218
\c@savedlanguage=\count219
\c@pageref=\count220
\c@savedpageref=\count221
Package biblatex Info: Trying to load compatibility code...
Package biblatex Info: ... file 'blx-compat.def' found.

(/usr/local/texlive/2013/texmf-dist/tex/latex/biblatex/blx-compat.def
File: blx-compat.def 2013/05/01 v2.6 biblatex compatibility (PK/JW/AB)
)
Package biblatex Info: Trying to load generic definitions...
Package biblatex Info: ... file 'biblatex.def' found.

(/usr/local/texlive/2013/texmf-dist/tex/latex/biblatex/biblatex.def
File: biblatex.def 
\c@biburlnumpenalty=\count222
\c@biburlucpenalty=\count223
\c@biburllcpenalty=\count224
\c@smartand=\count225
)
Package biblatex Info: Trying to load bibliography style 'authoryear-comp'...
Package biblatex Info: ... file 'authoryear-comp.bbx' found.

(/usr/local/texlive/2013/texmf-dist/tex/latex/biblatex/bbx/authoryear-comp.bbx
File: authoryear-comp.bbx 2013/05/01 v2.6 biblatex bibliography style (PK/JW/AB
)
Package biblatex Info: Trying to load bibliography style 'authoryear'...
Package biblatex Info: ... file 'authoryear.bbx' found.

(/usr/local/texlive/2013/texmf-dist/tex/latex/biblatex/bbx/authoryear.bbx
File: authoryear.bbx 2013/05/01 v2.6 biblatex bibliography style (PK/JW/AB)
Package biblatex Info: Trying to load bibliography style 'standard'...
Package biblatex Info: ... file 'standard.bbx' found.

(/usr/local/texlive/2013/texmf-dist/tex/latex/biblatex/bbx/standard.bbx
File: standard.bbx 2013/05/01 v2.6 biblatex bibliography style (PK/JW/AB)
\c@bbx:relatedcount=\count226
\c@bbx:relatedtotal=\count227
)))
Package biblatex Info: Trying to load citation style 'authoryear-comp'...
Package biblatex Info: ... file 'authoryear-comp.cbx' found.

(/usr/local/texlive/2013/texmf-dist/tex/latex/biblatex/cbx/authoryear-comp.cbx
File: authoryear-comp.cbx 2013/05/01 v2.6 biblatex citation style (PK/JW/AB)
Package biblatex Info: Redefining '\cite'.
Package biblatex Info: Redefining '\parencite'.
Package biblatex Info: Redefining '\footcite'.
Package biblatex Info: Redefining '\footcitetext'.
Package biblatex Info: Redefining '\smartcite'.
Package biblatex Info: Redefining '\textcite'.
Package biblatex Info: Redefining '\cites'.
Package biblatex Info: Redefining '\parencites'.
Package biblatex Info: Redefining '\footcites'.
Package biblatex Info: Redefining '\footcitetexts'.
Package biblatex Info: Redefining '\smartcites'.
Package biblatex Info: Redefining '\textcites'.
)
Package biblatex Info: Trying to load configuration file...
Package biblatex Info: ... file 'biblatex.cfg' found.
(/usr/local/texlive/2013/texmf-dist/tex/latex/biblatex/biblatex.cfg
File: biblatex.cfg 
)))
(/usr/local/texlive/2013/texmf-dist/tex/latex/amsmath/amsmath.sty
Package: amsmath 2013/01/14 v2.14 AMS math features
\@mathmargin=\skip53

For additional information on amsmath, use the `?' option.
(/usr/local/texlive/2013/texmf-dist/tex/latex/amsmath/amstext.sty
Package: amstext 2000/06/29 v2.01

(/usr/local/texlive/2013/texmf-dist/tex/latex/amsmath/amsgen.sty
File: amsgen.sty 1999/11/30 v2.0
\@emptytoks=\toks17
\ex@=\dimen115
))
(/usr/local/texlive/2013/texmf-dist/tex/latex/amsmath/amsbsy.sty
Package: amsbsy 1999/11/29 v1.2d
\pmbraise@=\dimen116
)
(/usr/local/texlive/2013/texmf-dist/tex/latex/amsmath/amsopn.sty
Package: amsopn 1999/12/14 v2.01 operator names
)
\inf@bad=\count228
LaTeX Info: Redefining \frac on input line 210.
\uproot@=\count229
\leftroot@=\count230
LaTeX Info: Redefining \overline on input line 306.
\classnum@=\count231
\DOTSCASE@=\count232
LaTeX Info: Redefining \ldots on input line 378.
LaTeX Info: Redefining \dots on input line 381.
LaTeX Info: Redefining \cdots on input line 466.
\Mathstrutbox@=\box29
\strutbox@=\box30
\big@size=\dimen117
LaTeX Font Info:    Redeclaring font encoding OML on input line 566.
LaTeX Font Info:    Redeclaring font encoding OMS on input line 567.
\macc@depth=\count233
Normal \count register pool exhausted, switching to extended pool.
\c@MaxMatrixCols=\count277
\dotsspace@=\muskip11
\c@parentequation=\count278
\dspbrk@lvl=\count279
\tag@help=\toks18
\row@=\count280
\column@=\count281
\maxfields@=\count282
\andhelp@=\toks19
\eqnshift@=\dimen118
\alignsep@=\dimen119
\tagshift@=\dimen120
\tagwidth@=\dimen121
\totwidth@=\dimen122
\lineht@=\dimen123
\@envbody=\toks20
\multlinegap=\skip54
\multlinetaggap=\skip55
\mathdisplay@stack=\toks21
LaTeX Info: Redefining \[ on input line 2665.
LaTeX Info: Redefining \] on input line 2666.
)
(/usr/local/texlive/2013/texmf-dist/tex/latex/amsfonts/amssymb.sty
Package: amssymb 2013/01/14 v3.01 AMS font symbols

(/usr/local/texlive/2013/texmf-dist/tex/latex/amsfonts/amsfonts.sty
Package: amsfonts 2013/01/14 v3.01 Basic AMSFonts support
\symAMSa=\mathgroup4
\symAMSb=\mathgroup5
LaTeX Font Info:    Overwriting math alphabet `\mathfrak' in version `bold'
(Font)                  U/euf/m/n --> U/euf/b/n on input line 106.
))
(/usr/local/texlive/2013/texmf-dist/tex/latex/jknapltx/mathrsfs.sty
Package: mathrsfs 1996/01/01 Math RSFS package v1.0 (jk)
\symrsfs=\mathgroup6
)
(/usr/local/texlive/2013/texmf-dist/tex/latex/xcolor/xcolor.sty
Package: xcolor 2007/01/21 v2.11 LaTeX color extensions (UK)

(/usr/local/texlive/2013/texmf-dist/tex/latex/latexconfig/color.cfg
File: color.cfg 2007/01/18 v1.5 color configuration of teTeX/TeXLive
)
Package xcolor Info: Driver file: pdftex.def on input line 225.
Package xcolor Info: Model `cmy' substituted by `cmy0' on input line 1337.
Package xcolor Info: Model `hsb' substituted by `rgb' on input line 1341.
Package xcolor Info: Model `RGB' extended on input line 1353.
Package xcolor Info: Model `HTML' substituted by `rgb' on input line 1355.
Package xcolor Info: Model `Hsb' substituted by `hsb' on input line 1356.
Package xcolor Info: Model `tHsb' substituted by `hsb' on input line 1357.
Package xcolor Info: Model `HSB' substituted by `hsb' on input line 1358.
Package xcolor Info: Model `Gray' substituted by `gray' on input line 1359.
Package xcolor Info: Model `wave' substituted by `hsb' on input line 1360.
)
(/usr/local/texlive/2013/texmf-dist/tex/latex/graphics/graphicx.sty
Package: graphicx 1999/02/16 v1.0f Enhanced LaTeX Graphics (DPC,SPQR)
\Gin@req@height=\dimen124
\Gin@req@width=\dimen125
)
(/usr/local/texlive/2013/texmf-dist/tex/latex/oberdiek/epstopdf.sty
Package: epstopdf 2010/02/09 v2.5 Conversion with epstopdf on the fly (HO)

(/usr/local/texlive/2013/texmf-dist/tex/latex/oberdiek/epstopdf-base.sty
Package: epstopdf-base 2010/02/09 v2.5 Base part for package epstopdf

(/usr/local/texlive/2013/texmf-dist/tex/latex/oberdiek/grfext.sty
Package: grfext 2010/08/19 v1.1 Manage graphics extensions (HO)
)
Package grfext Info: Graphics extension search list:
(grfext)             [.png,.pdf,.jpg,.mps,.jpeg,.jbig2,.jb2,.PNG,.PDF,.JPG,.JPE
G,.JBIG2,.JB2,.eps]
(grfext)             \AppendGraphicsExtensions on input line 452.

(/usr/local/texlive/2013/texmf-dist/tex/latex/latexconfig/epstopdf-sys.cfg
File: epstopdf-sys.cfg 2010/07/13 v1.3 Configuration of (r)epstopdf for TeX Liv
e
)))
(/usr/local/texlive/2013/texmf-dist/tex/latex/amscls/amsthm.sty
Package: amsthm 2004/08/06 v2.20
\thm@style=\toks22
\thm@bodyfont=\toks23
\thm@headfont=\toks24
\thm@notefont=\toks25
\thm@headpunct=\toks26
\thm@preskip=\skip56
\thm@postskip=\skip57
\thm@headsep=\skip58
\dth@everypar=\toks27
)
\c@thm=\count283
\c@lemma=\count284
\c@mydef=\count285

(/usr/local/texlive/2013/texmf-dist/tex/latex/listings/listings.sty
\lst@mode=\count286
\lst@gtempboxa=\box31
\lst@token=\toks28
\lst@length=\count287
\lst@currlwidth=\dimen126
\lst@column=\count288
\lst@pos=\count289
\lst@lostspace=\dimen127
\lst@width=\dimen128
\lst@newlines=\count290
\lst@lineno=\count291
\lst@maxwidth=\dimen129

(/usr/local/texlive/2013/texmf-dist/tex/latex/listings/lstmisc.sty
File: lstmisc.sty 2007/02/22 1.4 (Carsten Heinz)
\c@lstnumber=\count292
\lst@skipnumbers=\count293
\lst@framebox=\box32
)
(/usr/local/texlive/2013/texmf-dist/tex/latex/listings/listings.cfg
File: listings.cfg 2007/02/22 1.4 listings configuration
))
Package: listings 2007/02/22 1.4 (Carsten Heinz)

(/usr/local/texlive/2013/texmf-dist/tex/latex/psnfss/courier.sty
Package: courier 2005/04/12 PSNFSS-v9.2a (WaS) 
)
(/usr/local/texlive/2013/texmf-dist/tex/latex/listings/lstlang1.sty
File: lstlang1.sty 2004/09/05 1.3 listings language file
)
(/usr/local/texlive/2013/texmf-dist/tex/latex/listings/lstlang1.sty
File: lstlang1.sty 2004/09/05 1.3 listings language file
)
(/usr/local/texlive/2013/texmf-dist/tex/latex/listings/lstmisc.sty
File: lstmisc.sty 2007/02/22 1.4 (Carsten Heinz)
)
(/usr/local/texlive/2013/texmf-dist/tex/latex/listings/lstlang1.sty
File: lstlang1.sty 2004/09/05 1.3 listings language file
)
(/usr/local/texlive/2013/texmf-dist/tex/latex/caption/caption.sty
Package: caption 2013/05/02 v3.3-89 Customizing captions (AR)

(/usr/local/texlive/2013/texmf-dist/tex/latex/caption/caption3.sty
Package: caption3 2013/05/02 v1.6-88 caption3 kernel (AR)
Package caption3 Info: TeX engine: e-TeX on input line 57.
\captionmargin=\dimen130
\captionmargin@=\dimen131
\captionwidth=\dimen132
\caption@tempdima=\dimen133
\caption@indent=\dimen134
\caption@parindent=\dimen135
\caption@hangindent=\dimen136
)
\c@ContinuedFloat=\count294
Package caption Info: hyperref package is loaded.
Package caption Info: listings package is loaded.
)
Package biblatex Info: Trying to load language 'english'...
Package biblatex Info: ... file 'english.lbx' found.

(/usr/local/texlive/2013/texmf-dist/tex/latex/biblatex/lbx/english.lbx
File: english.lbx 2013/05/01 v2.6 biblatex localization (PK/JW/AB)
)
\@quotelevel=\count295
\@quotereset=\count296

(./brief_Brownian_dynamics.aux

LaTeX Warning: Label `eq:update_position' multiply defined.


LaTeX Warning: Label `appen_distance_distribution' multiply defined.

)
\openout1 = `brief_Brownian_dynamics.aux'.

LaTeX Font Info:    Checking defaults for OML/cmm/m/it on input line 102.
LaTeX Font Info:    ... okay on input line 102.
LaTeX Font Info:    Checking defaults for T1/cmr/m/n on input line 102.
LaTeX Font Info:    ... okay on input line 102.
LaTeX Font Info:    Checking defaults for OT1/cmr/m/n on input line 102.
LaTeX Font Info:    ... okay on input line 102.
LaTeX Font Info:    Checking defaults for OMS/cmsy/m/n on input line 102.
LaTeX Font Info:    ... okay on input line 102.
LaTeX Font Info:    Checking defaults for OMX/cmex/m/n on input line 102.
LaTeX Font Info:    ... okay on input line 102.
LaTeX Font Info:    Checking defaults for U/cmr/m/n on input line 102.
LaTeX Font Info:    ... okay on input line 102.
LaTeX Font Info:    Checking defaults for PD1/pdf/m/n on input line 102.
LaTeX Font Info:    ... okay on input line 102.
 (/usr/local/texlive/2013/texmf-dist/tex/context/base/supp-pdf.mkii
[Loading MPS to PDF converter (version 2006.09.02).]
\scratchcounter=\count297
\scratchdimen=\dimen137
\scratchbox=\box33
\nofMPsegments=\count298
\nofMParguments=\count299
\everyMPshowfont=\toks29
\MPscratchCnt=\count300
\MPscratchDim=\dimen138
\MPnumerator=\count301
\makeMPintoPDFobject=\count302
\everyMPtoPDFconversion=\toks30
)
\AtBeginShipoutBox=\box34
Package hyperref Info: Link coloring OFF on input line 102.
 (/usr/local/texlive/2013/texmf-dist/tex/latex/hyperref/nameref.sty
Package: nameref 2012/10/27 v2.43 Cross-referencing by name of section

(/usr/local/texlive/2013/texmf-dist/tex/generic/oberdiek/gettitlestring.sty
Package: gettitlestring 2010/12/03 v1.4 Cleanup title references (HO)
)
\c@section@level=\count303
)
LaTeX Info: Redefining \ref on input line 102.
LaTeX Info: Redefining \pageref on input line 102.
LaTeX Info: Redefining \nameref on input line 102.

(./brief_Brownian_dynamics.out) (./brief_Brownian_dynamics.out)
\@outlinefile=\write4
\openout4 = `brief_Brownian_dynamics.out'.

Package biblatex Info: No input encoding detected.
(biblatex)             Assuming 'ascii'.
Package biblatex Info: Automatic encoding selection.
(biblatex)             Assuming data encoding 'ascii'.
\openout3 = `brief_Brownian_dynamics.bcf'.

Package biblatex Info: Trying to load bibliographic data...
Package biblatex Info: ... file 'brief_Brownian_dynamics.bbl' found.

(./brief_Brownian_dynamics.bbl)
Package biblatex Info: Reference section=0 on input line 102.
Package biblatex Info: Reference segment=0 on input line 102.
\c@lstlisting=\count304
Package caption Info: Begin \AtBeginDocument code.
Package caption Info: End \AtBeginDocument code.
LaTeX Font Info:    Try loading font information for U+msa on input line 104.

(/usr/local/texlive/2013/texmf-dist/tex/latex/amsfonts/umsa.fd
File: umsa.fd 2013/01/14 v3.01 AMS symbols A
)
LaTeX Font Info:    Try loading font information for U+msb on input line 104.

(/usr/local/texlive/2013/texmf-dist/tex/latex/amsfonts/umsb.fd
File: umsb.fd 2013/01/14 v3.01 AMS symbols B
)
LaTeX Font Info:    Try loading font information for U+rsfs on input line 104.

(/usr/local/texlive/2013/texmf-dist/tex/latex/jknapltx/ursfs.fd
File: ursfs.fd 1998/03/24 rsfs font definition file (jk)
) [1

{/usr/local/texlive/2013/texmf-var/fonts/map/pdftex/updmap/pdftex.map}]
(./brief_Brownian_dynamics.tocpdfTeX warning (ext4): destination with the same 
identifier (name{page.1}) has been already used, duplicate ignored
<to be read again> 
                   \relax 
l.67 ...erline {B.2}Regression}{21}{section.a.B.2}
                                                   [1

])
\tf@toc=\write5
\openout5 = `brief_Brownian_dynamics.toc'.

pdfTeX warning (ext4): destination with the same identifier (name{page.1}) has 
been already used, duplicate ignored
<to be read again> 
                   \relax 
l.120 \part
           {Simulation Details: Brownian Dynamics} [1] [2

]
Chapter 1.
[3

] [4] <figures/MSD_2d_Brownian.pdf, id=348, 578.16pt x 433.62pt>
File: figures/MSD_2d_Brownian.pdf Graphic file (type pdf)

<use figures/MSD_2d_Brownian.pdf>
Package pdftex.def Info: figures/MSD_2d_Brownian.pdf used on input line 212.
(pdftex.def)             Requested size: 430.35826pt x 322.7661pt.
 [5 <./figures/MSD_2d_Brownian.pdf>]
Chapter 2.
[6

] <figures/100_K8.pdf, id=422, 578.16pt x 433.62pt>
File: figures/100_K8.pdf Graphic file (type pdf)
 <use figures/100_K8.pdf>
Package pdftex.def Info: figures/100_K8.pdf used on input line 279.
(pdftex.def)             Requested size: 430.35826pt x 322.7661pt.

<figures/80_K8.pdf, id=423, 578.16pt x 433.62pt>
File: figures/80_K8.pdf Graphic file (type pdf)
 <use figures/80_K8.pdf>
Package pdftex.def Info: figures/80_K8.pdf used on input line 280.
(pdftex.def)             Requested size: 430.35826pt x 322.7661pt.


LaTeX Warning: Float too large for page by 19.97403pt on input line 282.

<figures/distance_dist.pdf, id=424, 578.16pt x 433.62pt>
File: figures/distance_dist.pdf Graphic file (type pdf)

<use figures/distance_dist.pdf>
Package pdftex.def Info: figures/distance_dist.pdf used on input line 286.
(pdftex.def)             Requested size: 430.35826pt x 322.7661pt.
 [7] [8 <./figures/100_K8.pdf> <./figures/80_K8.pdf

pdfTeX warning: pdflatex (file ./figures/80_K8.pdf): PDF inclusion: multiple pd
fs with page group included in a single page
>] [9 <./figures/distance_dist.pdf>]
Chapter 3.
[10

] [11] <figures/identify_equilibrium.png, id=639, 578.16pt x 433.62pt>
File: figures/identify_equilibrium.png Graphic file (type png)

<use figures/identify_equilibrium.png>
Package pdftex.def Info: figures/identify_equilibrium.png used on input line 44
7.
(pdftex.def)             Requested size: 344.28792pt x 258.21552pt.
 [12]

LaTeX Warning: Reference `eq:Gaussian_potential' on page 13 undefined on input 
line 459.

<figures/80_potential_dist.pdf, id=657, 578.16pt x 433.62pt>
File: figures/80_potential_dist.pdf Graphic file (type pdf)

<use figures/80_potential_dist.pdf>
Package pdftex.def Info: figures/80_potential_dist.pdf used on input line 477.
(pdftex.def)             Requested size: 344.28792pt x 258.21552pt.
 [13 <./figures/identify_equilibrium.png>]
<figures/TN_effect.pdf, id=664, 578.16pt x 433.62pt>
File: figures/TN_effect.pdf Graphic file (type pdf)

<use figures/TN_effect.pdf>
Package pdftex.def Info: figures/TN_effect.pdf used on input line 489.
(pdftex.def)             Requested size: 344.28792pt x 258.21552pt.
 [14 <./figures/80_potential_dist.pdf>]
<figures/NP40_A100_clustering.png, id=735, 364.2408pt x 362.7954pt>
File: figures/NP40_A100_clustering.png Graphic file (type png)

<use figures/NP40_A100_clustering.png>
Package pdftex.def Info: figures/NP40_A100_clustering.png used on input line 50
3.
(pdftex.def)             Requested size: 210.8779pt x 210.0395pt.

<figures/NP80_A200_clustering.png, id=736, 363.2772pt x 360.8682pt>
File: figures/NP80_A200_clustering.png Graphic file (type png)

<use figures/NP80_A200_clustering.png>
Package pdftex.def Info: figures/NP80_A200_clustering.png used on input line 50
4.
(pdftex.def)             Requested size: 210.8779pt x 209.4854pt.


LaTeX Warning: Reference `append_rdf' on page 15 undefined on input line 511.

[15 <./figures/TN_effect.pdf>]
<figures/local_hetero.pdf, id=789, 578.16pt x 433.62pt>
File: figures/local_hetero.pdf Graphic file (type pdf)

<use figures/local_hetero.pdf>
Package pdftex.def Info: figures/local_hetero.pdf used on input line 515.
(pdftex.def)             Requested size: 430.35826pt x 322.7661pt.

<figures/NP640_FENE_exam.png, id=790, 363.2772pt x 360.3864pt>
File: figures/NP640_FENE_exam.png Graphic file (type png)

<use figures/NP640_FENE_exam.png>
Package pdftex.def Info: figures/NP640_FENE_exam.png used on input line 516.
(pdftex.def)             Requested size: 344.28792pt x 341.56776pt.


LaTeX Warning: Float too large for page by 7.57562pt on input line 519.

<figures/RR_NP80_C100_T3.pdf, id=793, 578.16pt x 433.62pt>
File: figures/RR_NP80_C100_T3.pdf Graphic file (type pdf)

<use figures/RR_NP80_C100_T3.pdf>
Package pdftex.def Info: figures/RR_NP80_C100_T3.pdf used on input line 533.
(pdftex.def)             Requested size: 430.35826pt x 322.7661pt.
 [16 <./figures/NP40_A100_clustering.png> <./figures/NP80_A200_clustering.png>]
 [17 <./figures/local_hetero.pdf> <./figures/NP640_FENE_exam.png>] [18 <./figur
es/RR_NP80_C100_T3.pdf>] [19


]
Appendix A.
[20

]
Appendix B.
[21

]
Appendix C.
[22

]
LaTeX Font Info:    Try loading font information for OT1+pcr on input line 634.

 (/usr/local/texlive/2013/texmf-dist/tex/latex/psnfss/ot1pcr.fd
File: ot1pcr.fd 2001/06/04 font definitions for OT1/pcr.
) [23]
[24]
Appendix D.
[25

]
Appendix E.

Overfull \hbox (0.23784pt too wide) in paragraph at lines 671--671
[]\OT1/cmr/bx/n/14.4 Math Ker-nel Li-brary (MKL) as in-ter-face be-tween Front-

 []

[26

] [27] [28] [29]
Appendix F.
[30

]
Appendix G.
[31

] [32] <figures/converting_trajectory.pdf, id=1194, 578.16pt x 433.62pt>
File: figures/converting_trajectory.pdf Graphic file (type pdf)

<use figures/converting_trajectory.pdf>
Package pdftex.def Info: figures/converting_trajectory.pdf used on input line 8
99.
(pdftex.def)             Requested size: 430.35826pt x 322.7661pt.
 [33 <./figures/converting_trajectory.pdf>] [34] [35] <figures/rdf_exam.pdf, id
=1297, 578.16pt x 433.62pt>
File: figures/rdf_exam.pdf Graphic file (type pdf)

<use figures/rdf_exam.pdf>
Package pdftex.def Info: figures/rdf_exam.pdf used on input line 1045.
(pdftex.def)             Requested size: 430.35826pt x 322.7661pt.

<figures/rdf_compare.pdf, id=1298, 578.16pt x 433.62pt>
File: figures/rdf_compare.pdf Graphic file (type pdf)

<use figures/rdf_compare.pdf>
Package pdftex.def Info: figures/rdf_compare.pdf used on input line 1046.
(pdftex.def)             Requested size: 430.35826pt x 322.7661pt.


LaTeX Warning: Float too large for page by 19.97403pt on input line 1049.

[36] [37 <./figures/rdf_exam.pdf> <./figures/rdf_compare.pdf

pdfTeX warning: pdflatex (file ./figures/rdf_compare.pdf): PDF inclusion: multi
ple pdfs with page group included in a single page
>] [38] <figures/Debye_equation.pdf, id=1450, 578.16pt x 433.62pt>
File: figures/Debye_equation.pdf Graphic file (type pdf)

<use figures/Debye_equation.pdf>
Package pdftex.def Info: figures/Debye_equation.pdf used on input line 1124.
(pdftex.def)             Requested size: 430.35826pt x 322.7661pt.

<figures/J_0_qr.pdf, id=1451, 578.16pt x 433.62pt>
File: figures/J_0_qr.pdf Graphic file (type pdf)
 <use figures/J_0_qr.pdf>
Package pdftex.def Info: figures/J_0_qr.pdf used on input line 1125.
(pdftex.def)             Requested size: 430.35826pt x 322.7661pt.


LaTeX Warning: Float too large for page by 19.97403pt on input line 1128.

<figures/FENE_r11_Sq_linear.pdf, id=1452, 578.16pt x 433.62pt>
File: figures/FENE_r11_Sq_linear.pdf Graphic file (type pdf)

<use figures/FENE_r11_Sq_linear.pdf>
Package pdftex.def Info: figures/FENE_r11_Sq_linear.pdf used on input line 1132
.
(pdftex.def)             Requested size: 430.35826pt x 322.7661pt.

<figures/FENE_r11_Sq_log.pdf, id=1453, 578.16pt x 433.62pt>
File: figures/FENE_r11_Sq_log.pdf Graphic file (type pdf)

<use figures/FENE_r11_Sq_log.pdf>
Package pdftex.def Info: figures/FENE_r11_Sq_log.pdf used on input line 1133.
(pdftex.def)             Requested size: 430.35826pt x 322.7661pt.


LaTeX Warning: Float too large for page by 19.97403pt on input line 1136.

<figures/Sq_compare_linear.pdf, id=1456, 578.16pt x 433.62pt>
File: figures/Sq_compare_linear.pdf Graphic file (type pdf)

<use figures/Sq_compare_linear.pdf>
Package pdftex.def Info: figures/Sq_compare_linear.pdf used on input line 1140.

(pdftex.def)             Requested size: 430.35826pt x 322.7661pt.

<figures/Sq_compare_log.pdf, id=1457, 578.16pt x 433.62pt>
File: figures/Sq_compare_log.pdf Graphic file (type pdf)

<use figures/Sq_compare_log.pdf>
Package pdftex.def Info: figures/Sq_compare_log.pdf used on input line 1141.
(pdftex.def)             Requested size: 430.35826pt x 322.7661pt.


LaTeX Warning: Float too large for page by 19.97403pt on input line 1144.

<figures/Sq_FENE_r11_2.pdf, id=1460, 730.98094pt x 397.485pt>
File: figures/Sq_FENE_r11_2.pdf Graphic file (type pdf)

<use figures/Sq_FENE_r11_2.pdf>
Package pdftex.def Info: figures/Sq_FENE_r11_2.pdf used on input line 1148.
(pdftex.def)             Requested size: 377.02266pt x 205.00955pt.

<figures/Sq_FENE_r06_2.pdf, id=1461, 730.98094pt x 397.485pt>
File: figures/Sq_FENE_r06_2.pdf Graphic file (type pdf)

<use figures/Sq_FENE_r06_2.pdf>
Package pdftex.def Info: figures/Sq_FENE_r06_2.pdf used on input line 1149.
(pdftex.def)             Requested size: 377.02266pt x 205.00955pt.

<figures/Sq_GAUSSIAN_2.pdf, id=1462, 730.98094pt x 402.88052pt>
File: figures/Sq_GAUSSIAN_2.pdf Graphic file (type pdf)

<use figures/Sq_GAUSSIAN_2.pdf>
Package pdftex.def Info: figures/Sq_GAUSSIAN_2.pdf used on input line 1150.
(pdftex.def)             Requested size: 371.96996pt x 205.00955pt.

<figures/traj_r11.png, id=1463, 614.295pt x 390.7398pt>
File: figures/traj_r11.png Graphic file (type png)

<use figures/traj_r11.png>
Package pdftex.def Info: figures/traj_r11.png used on input line 1158.
(pdftex.def)             Requested size: 322.30348pt x 205.00955pt.

<figures/traj_r06.png, id=1464, 614.0541pt x 391.7034pt>
File: figures/traj_r06.png Graphic file (type png)

<use figures/traj_r06.png>
Package pdftex.def Info: figures/traj_r06.png used on input line 1159.
(pdftex.def)             Requested size: 321.39003pt x 205.00955pt.

<figures/traj_GAUSSIAN.png, id=1465, 610.4406pt x 390.7398pt>
File: figures/traj_GAUSSIAN.png Graphic file (type png)

<use figures/traj_GAUSSIAN.png>
Package pdftex.def Info: figures/traj_GAUSSIAN.png used on input line 1160.
(pdftex.def)             Requested size: 320.2812pt x 205.00955pt.
 [39] [40 <./figures/Debye_equation.pdf> <./figures/J_0_qr.pdf

pdfTeX warning: pdflatex (file ./figures/J_0_qr.pdf): PDF inclusion: multiple p
dfs with page group included in a single page
>] [41 <./figures/FENE_r11_Sq_linear.pdf> <./figures/FENE_r11_Sq_log.pdf

pdfTeX warning: pdflatex (file ./figures/FENE_r11_Sq_log.pdf): PDF inclusion: m
ultiple pdfs with page group included in a single page
>] [42 <./figures/Sq_compare_linear.pdf> <./figures/Sq_compare_log.pdf

pdfTeX warning: pdflatex (file ./figures/Sq_compare_log.pdf): PDF inclusion: mu
ltiple pdfs with page group included in a single page
>] [43 <./figures/Sq_FENE_r11_2.pdf> <./figures/Sq_FENE_r06_2.pdf

pdfTeX warning: pdflatex (file ./figures/Sq_FENE_r06_2.pdf): PDF inclusion: mul
tiple pdfs with page group included in a single page
> <./figures/Sq_GAUSSIAN_2.pdf

pdfTeX warning: pdflatex (file ./figures/Sq_GAUSSIAN_2.pdf): PDF inclusion: mul
tiple pdfs with page group included in a single page
>] [44 <./figures/traj_r11.png> <./figures/traj_r06.png> <./figures/traj_GAUSSI
AN.png>]
Overfull \hbox (18.31534pt too wide) in paragraph at lines 1184--1184
[][]\OT1/cmr/m/n/9 Arfken, G. and H. We-ber (2008). \OT1/cmr/m/it/9 Math-e-mat-
i-cal meth-ods for physi-cists\OT1/cmr/m/n/9 . El-se-vier Acad. Press. \OT1/cmr
/m/sc/9 isbn\OT1/cmr/m/n/9 : 9780120598762. 
 []


Overfull \hbox (20.96408pt too wide) in paragraph at lines 1184--1184
[][]\OT1/cmr/m/n/9 Chandler, D. (1987). \OT1/cmr/m/it/9 In-tro-duc-tion to Mod-
ern Sta-tis-ti-cal Me-chan-ics\OT1/cmr/m/n/9 . Ox-ford Uni-ver-sity Press. \OT1
/cmr/m/sc/9 isbn\OT1/cmr/m/n/9 : 9780195042771. 
 []

Package atveryend Info: Empty hook `BeforeClearDocument' on input line 1187.
[45

]
Package atveryend Info: Empty hook `AfterLastShipout' on input line 1187.
 (./brief_Brownian_dynamics.aux)
Package atveryend Info: Executing hook `AtVeryEndDocument' on input line 1187.
Package atveryend Info: Executing hook `AtEndAfterFileList' on input line 1187.

Package rerunfilecheck Info: File `brief_Brownian_dynamics.out' has not changed
.
(rerunfilecheck)             Checksum: E1B5607F53D342F36CCDAB5E92E4ECC3;4528.


LaTeX Warning: There were undefined references.


LaTeX Warning: There were multiply-defined labels.

Package atveryend Info: Empty hook `AtVeryVeryEnd' on input line 1187.
Package logreq Info: Writing requests to 'brief_Brownian_dynamics.run.xml'.
\openout1 = `brief_Brownian_dynamics.run.xml'.

 ) 
Here is how much of TeX's memory you used:
 15682 strings out of 493315
 247040 string characters out of 6137904
 782442 words of memory out of 5000000
 18444 multiletter control sequences out of 15000+600000
 17959 words of font info for 69 fonts, out of 8000000 for 9000
 957 hyphenation exceptions out of 8191
 38i,14n,58p,1273b,1879s stack positions out of 5000i,500n,10000p,200000b,80000s
{/usr/local/texlive/2013/texmf-dist/fonts/enc/dvips/base/8r.enc}</usr/local/t
exlive/2013/texmf-dist/fonts/type1/public/amsfonts/cm/cmbx10.pfb></usr/local/te
xlive/2013/texmf-dist/fonts/type1/public/amsfonts/cm/cmbx12.pfb></usr/local/tex
live/2013/texmf-dist/fonts/type1/public/amsfonts/cm/cmbx7.pfb></usr/local/texli
ve/2013/texmf-dist/fonts/type1/public/amsfonts/cm/cmcsc10.pfb></usr/local/texli
ve/2013/texmf-dist/fonts/type1/public/amsfonts/cm/cmex10.pfb></usr/local/texliv
e/2013/texmf-dist/fonts/type1/public/amsfonts/cm/cmmi10.pfb></usr/local/texlive
/2013/texmf-dist/fonts/type1/public/amsfonts/cm/cmmi5.pfb></usr/local/texlive/2
013/texmf-dist/fonts/type1/public/amsfonts/cm/cmmi7.pfb></usr/local/texlive/201
3/texmf-dist/fonts/type1/public/amsfonts/cm/cmmib10.pfb></usr/local/texlive/201
3/texmf-dist/fonts/type1/public/amsfonts/cm/cmr10.pfb></usr/local/texlive/2013/
texmf-dist/fonts/type1/public/amsfonts/cm/cmr12.pfb></usr/local/texlive/2013/te
xmf-dist/fonts/type1/public/amsfonts/cm/cmr17.pfb></usr/local/texlive/2013/texm
f-dist/fonts/type1/public/amsfonts/cm/cmr5.pfb></usr/local/texlive/2013/texmf-d
ist/fonts/type1/public/amsfonts/cm/cmr7.pfb></usr/local/texlive/2013/texmf-dist
/fonts/type1/public/amsfonts/cm/cmr9.pfb></usr/local/texlive/2013/texmf-dist/fo
nts/type1/public/amsfonts/cm/cmsy10.pfb></usr/local/texlive/2013/texmf-dist/fon
ts/type1/public/amsfonts/cm/cmsy7.pfb></usr/local/texlive/2013/texmf-dist/fonts
/type1/public/amsfonts/cm/cmti10.pfb></usr/local/texlive/2013/texmf-dist/fonts/
type1/public/amsfonts/cm/cmti9.pfb></usr/local/texlive/2013/texmf-dist/fonts/ty
pe1/public/amsfonts/symbols/msam10.pfb></usr/local/texlive/2013/texmf-dist/font
s/type1/public/rsfs/rsfs10.pfb></usr/local/texlive/2013/texmf-dist/fonts/type1/
public/rsfs/rsfs7.pfb></usr/local/texlive/2013/texmf-dist/fonts/type1/urw/couri
er/ucrr8a.pfb>
Output written on brief_Brownian_dynamics.pdf (47 pages, 8032790 bytes).
PDF statistics:
 2672 PDF objects out of 2984 (max. 8388607)
 1272 compressed objects within 13 object streams
 452 named destinations out of 1000 (max. 500000)
 592 words of extra memory for PDF output out of 10000 (max. 10000000)

